Using pre-set license
Built from '2020.2/release' branch; Version is '2020.2.0f1 (3721df5a8b28) revision 3613151'; Using compiler version '192528614'; Build Type 'Release'
OS: 'Windows 10  (10.0.0) 64bit' Language: 'ko' Physical Memory: 8075 MB
BatchMode: 1, IsHumanControllingUs: 0, StartBugReporterOnCrash: 0, Is64bit: 1, IsPro: 0

 COMMAND LINE ARGUMENTS:
D:\Unity\2020.2.0f1\Editor\Unity.exe
-adb2
-batchMode
-noUpm
-name
AssetImportWorker0
-projectPath
D:/Unity Projects/Just Jump(Finished)
-logFile
Logs/AssetImportWorker0.log
-srvPort
64544
Successfully changed project path to: D:/Unity Projects/Just Jump(Finished)
D:/Unity Projects/Just Jump(Finished)
Using Asset Import Pipeline V2.
Refreshing native plugins compatible for Editor in 50.50 ms, found 0 plugins.
Preloading 0 native plugins for Editor in 0.00 ms.
Initialize engine version: 2020.2.0f1 (3721df5a8b28)
[Subsystems] Discovering subsystems at path D:/Unity/2020.2.0f1/Editor/Data/Resources/UnitySubsystems
[Subsystems] Discovering subsystems at path D:/Unity Projects/Just Jump(Finished)/Assets
GfxDevice: creating device client; threaded=0
Direct3D:
    Version:  Direct3D 11.0 [level 11.0]
    Renderer: NVIDIA GeForce GTX 950M (ID=0x139a)
    Vendor:   
    VRAM:     2010 MB
    Driver:   27.21.14.6140
Initialize mono
Mono path[0] = 'D:/Unity/2020.2.0f1/Editor/Data/Managed'
Mono path[1] = 'D:/Unity/2020.2.0f1/Editor/Data/MonoBleedingEdge/lib/mono/unityjit'
Mono config path = 'D:/Unity/2020.2.0f1/Editor/Data/MonoBleedingEdge/etc'
Using monoOptions --debugger-agent=transport=dt_socket,embedding=1,server=y,suspend=n,address=127.0.0.1:56432
Begin MonoManager ReloadAssembly
Registering precompiled unity dll's ...
Register platform support module: D:/Unity/2020.2.0f1/Editor/Data/PlaybackEngines/WindowsStandaloneSupport/UnityEditor.WindowsStandalone.Extensions.dll
Registered in 0.001180 seconds.
Native extension for WindowsStandalone target not found
Refreshing native plugins compatible for Editor in 36.69 ms, found 0 plugins.
Preloading 0 native plugins for Editor in 0.00 ms.
Invoked RoslynAnalysisRunner static constructor.
RoslynAnalysisRunner will not be running.
RoslynAnalysisRunner has terminated.
Mono: successfully reloaded assembly
- Completed reload, in  2.009 seconds
Platform modules already initialized, skipping
Registering precompiled user dll's ...
Registered in 0.002972 seconds.
Begin MonoManager ReloadAssembly
Native extension for WindowsStandalone target not found
Refreshing native plugins compatible for Editor in 0.82 ms, found 0 plugins.
Preloading 0 native plugins for Editor in 0.00 ms.
Invoked RoslynAnalysisRunner static constructor.
RoslynAnalysisRunner will not be running.
RoslynAnalysisRunner has terminated.
Mono: successfully reloaded assembly
- Completed reload, in  3.313 seconds
Platform modules already initialized, skipping
========================================================================
Worker process is ready to serve import requests
Launched and connected shader compiler UnityShaderCompiler.exe after 0.10 seconds
Refreshing native plugins compatible for Editor in 0.78 ms, found 0 plugins.
Preloading 0 native plugins for Editor in 0.00 ms.
Unloading 1276 Unused Serialized files (Serialized files now loaded: 0)
System memory in use before: 64.2 MB.
System memory in use after: 64.2 MB.

Unloading 76 unused Assets to reduce memory usage. Loaded Objects now: 1666.
Total: 2.547700 ms (FindLiveObjects: 0.184300 ms CreateObjectMapping: 0.070200 ms MarkObjects: 2.198300 ms  DeleteObjects: 0.093000 ms)

========================================================================
Received Import Request.
  path: Assets/Oxanium-Regular.ttf
  artifactKey: Guid(3c617464bcb3462458ae13a8696872b2) Importer(815301076,1909f56bfc062723c751e8b465ee728b)
Start importing Assets/Oxanium-Regular.ttf using Guid(3c617464bcb3462458ae13a8696872b2) Importer(815301076,1909f56bfc062723c751e8b465ee728b)  -> (artifact id: 'a9314fd2ca0e7161e9414535c0d07893') in 0.457119 seconds
  Import took 0.496130 seconds .

========================================================================
Received Import Request.
  Time since last request: 35.764769 seconds.
  path: Assets/Script
  artifactKey: Guid(4c6b4599e84ed9f4a86b449193cb8ce7) Importer(815301076,1909f56bfc062723c751e8b465ee728b)
Start importing Assets/Script using Guid(4c6b4599e84ed9f4a86b449193cb8ce7) Importer(815301076,1909f56bfc062723c751e8b465ee728b)  -> (artifact id: '3701d098bf01256e85437e7b9183506b') in 0.009850 seconds
  Import took 0.039896 seconds .

========================================================================
Received Import Request.
  Time since last request: 0.061474 seconds.
  path: Assets/Script
  artifactKey: Guid(4c6b4599e84ed9f4a86b449193cb8ce7) Importer(815301076,1909f56bfc062723c751e8b465ee728b)
Start importing Assets/Script using Guid(4c6b4599e84ed9f4a86b449193cb8ce7) Importer(815301076,1909f56bfc062723c751e8b465ee728b)  -> (artifact id: '3701d098bf01256e85437e7b9183506b') in 0.004873 seconds
  Import took 0.050041 seconds .

========================================================================
Received Import Request.
  Time since last request: 1.124202 seconds.
  path: Assets/Script/Auto_move.cs
  artifactKey: Guid(24b64f2054b34a2418dce79d17b3661a) Importer(815301076,1909f56bfc062723c751e8b465ee728b)
Start importing Assets/Script/Auto_move.cs using Guid(24b64f2054b34a2418dce79d17b3661a) Importer(815301076,1909f56bfc062723c751e8b465ee728b)  -> (artifact id: '0cd1bc5005d21f0fc23e302d700d9dee') in 0.067028 seconds
  Import took 0.096730 seconds .

========================================================================
Received Import Request.
  Time since last request: 0.064869 seconds.
  path: Assets/Script/Auto_move.cs
  artifactKey: Guid(24b64f2054b34a2418dce79d17b3661a) Importer(815301076,1909f56bfc062723c751e8b465ee728b)
Start importing Assets/Script/Auto_move.cs using Guid(24b64f2054b34a2418dce79d17b3661a) Importer(815301076,1909f56bfc062723c751e8b465ee728b)  -> (artifact id: '0cd1bc5005d21f0fc23e302d700d9dee') in 0.003580 seconds
  Import took 0.006257 seconds .

========================================================================
Received Import Request.
  Time since last request: 0.221359 seconds.
  path: Assets/Script/Wall.cs
  artifactKey: Guid(cb853fd52f09dd24295c8dd5d0dd85ba) Importer(815301076,1909f56bfc062723c751e8b465ee728b)
Start importing Assets/Script/Wall.cs using Guid(cb853fd52f09dd24295c8dd5d0dd85ba) Importer(815301076,1909f56bfc062723c751e8b465ee728b)  -> (artifact id: '438ca13112be46cf9f796e1b55984d9e') in 0.010574 seconds
  Import took 0.051152 seconds .

========================================================================
Received Import Request.
  Time since last request: 0.279800 seconds.
  path: Assets/Script/Main_UI.cs
  artifactKey: Guid(a39a0026ccb75a74aa16cc92dfc3adfc) Importer(815301076,1909f56bfc062723c751e8b465ee728b)
Start importing Assets/Script/Main_UI.cs using Guid(a39a0026ccb75a74aa16cc92dfc3adfc) Importer(815301076,1909f56bfc062723c751e8b465ee728b)  -> (artifact id: 'b309fabf4cf41368403ada328ef9e727') in 0.011978 seconds
  Import took 0.047955 seconds .

========================================================================
Received Import Request.
  Time since last request: 0.741313 seconds.
  path: Assets/Script/Player.cs
  artifactKey: Guid(5ed5ccb2cbda7674e858b1a256efead7) Importer(815301076,1909f56bfc062723c751e8b465ee728b)
Start importing Assets/Script/Player.cs using Guid(5ed5ccb2cbda7674e858b1a256efead7) Importer(815301076,1909f56bfc062723c751e8b465ee728b)  -> (artifact id: '09838cae36bf447bae55023670e20d06') in 0.056814 seconds
  Import took 0.060389 seconds .

========================================================================
Received Import Request.
  Time since last request: 0.472855 seconds.
  path: Assets/Script/CameraController.cs
  artifactKey: Guid(5db39c113c317174e82c4d205511dfb6) Importer(815301076,1909f56bfc062723c751e8b465ee728b)
Start importing Assets/Script/CameraController.cs using Guid(5db39c113c317174e82c4d205511dfb6) Importer(815301076,1909f56bfc062723c751e8b465ee728b)  -> (artifact id: '8dee8d05fc649b87df39195ce6490360') in 0.012266 seconds
  Import took 0.037568 seconds .

========================================================================
Received Import Request.
  Time since last request: 0.434357 seconds.
  path: Assets/Script/Banner.cs
  artifactKey: Guid(530a9a9acf0e5154ead9e5bc4524989f) Importer(815301076,1909f56bfc062723c751e8b465ee728b)
Start importing Assets/Script/Banner.cs using Guid(530a9a9acf0e5154ead9e5bc4524989f) Importer(815301076,1909f56bfc062723c751e8b465ee728b)  -> (artifact id: '81f8e79b2a970d6627d69ed46c011e1a') in 0.010233 seconds
  Import took 0.031253 seconds .

========================================================================
Received Import Request.
  Time since last request: 11.902458 seconds.
  path: Assets/Script/UI.cs
  artifactKey: Guid(1146dd6cfb331b044bb1a251ed286961) Importer(815301076,1909f56bfc062723c751e8b465ee728b)
Start importing Assets/Script/UI.cs using Guid(1146dd6cfb331b044bb1a251ed286961) Importer(815301076,1909f56bfc062723c751e8b465ee728b)  -> (artifact id: 'd05dcd27dce7d7caf8a249b306f71014') in 0.011397 seconds
  Import took 0.059213 seconds .

